#
# There is insufficient memory for the Java Runtime Environment to continue.
# Native memory allocation (malloc) failed to allocate 109576192 bytes for committing reserved memory.
# Possible reasons:
#   The system is out of physical RAM or swap space
#   In 32 bit mode, the process size limit was hit
# Possible solutions:
#   Reduce memory load on the system
#   Increase physical memory or swap space
#   Check if swap backing store is full
#   Use 64 bit Java on a 64 bit OS
#   Decrease Java heap size (-Xmx/-Xms)
#   Decrease number of Java threads
#   Decrease Java thread stack sizes (-Xss)
#   Set larger code cache with -XX:ReservedCodeCacheSize=
# This output file may be truncated or incomplete.
#
#  Out of Memory Error (os_linux.cpp:2809), pid=24112, tid=140477515917056
#
# JRE version: OpenJDK Runtime Environment (7.0_79-b14) (build 1.7.0_79-b14)
# Java VM: OpenJDK 64-Bit Server VM (24.79-b02 mixed mode linux-amd64 compressed oops)
# Derivative: IcedTea 2.5.6
# Distribution: Ubuntu 14.04 LTS, package 7u79-2.5.6-0ubuntu1.14.04.1
# Failed to write core dump. Core dumps have been disabled. To enable core dumping, try "ulimit -c unlimited" before starting Java again
#

---------------  T H R E A D  ---------------

Current thread (0x00007fc3a007e800):  VMThread [stack: 0x00007fc3785f6000,0x00007fc3786f7000] [id=24125]

Stack: [0x00007fc3785f6000,0x00007fc3786f7000],  sp=0x00007fc3786f5490,  free space=1021k
Native frames: (J=compiled Java code, j=interpreted, Vv=VM code, C=native code)
V  [libjvm.so+0x94afd5]  VMError::report_and_die()+0x175
V  [libjvm.so+0x48b9f4]  report_vm_out_of_memory(char const*, int, unsigned long, char const*)+0x74
V  [libjvm.so+0x7c809b]  os::pd_commit_memory(char*, unsigned long, unsigned long, bool)+0xeb
V  [libjvm.so+0x7c2b3f]  os::commit_memory(char*, unsigned long, unsigned long, bool)+0x1f
V  [libjvm.so+0x83503b]  PSVirtualSpace::expand_by(unsigned long)+0x5b
V  [libjvm.so+0x824d8b]  PSOldGen::expand_by(unsigned long) [clone .part.80]+0x1b
V  [libjvm.so+0x824f4b]  PSOldGen::expand(unsigned long) [clone .part.81]+0xdb
V  [libjvm.so+0x825e78]  PSOldGen::resize(unsigned long)+0x188
V  [libjvm.so+0x82cf44]  PSParallelCompact::invoke_no_policy(bool)+0x9c4
V  [libjvm.so+0x83317d]  PSScavenge::invoke()+0x17d
V  [libjvm.so+0x7e9723]  ParallelScavengeHeap::failed_mem_allocate(unsigned long)+0x63
V  [libjvm.so+0x94c9d4]  VM_ParallelGCFailedAllocation::doit()+0x84
V  [libjvm.so+0x950ed7]  VM_Operation::evaluate()+0x47
V  [libjvm.so+0x94f848]  VMThread::evaluate_operation(VM_Operation*)+0x318
V  [libjvm.so+0x94fca9]  VMThread::loop()+0x219
V  [libjvm.so+0x9500f2]  VMThread::run()+0x72
V  [libjvm.so+0x7c4f62]  java_start(Thread*)+0xf2

VM_Operation (0x00007fc3a7f148b0): ParallelGCFailedAllocation, mode: safepoint, requested by thread 0x00007fc3a000a800


---------------  P R O C E S S  ---------------

Java Threads: ( => current thread )
  0x00007fc3a024c000 JavaThread "pool-2-thread-4" [_thread_blocked, id=24137, stack(0x00007fc369a98000,0x00007fc369b99000)]
  0x00007fc3a024a000 JavaThread "pool-2-thread-3" [_thread_blocked, id=24136, stack(0x00007fc369b99000,0x00007fc369c9a000)]
  0x00007fc3a0247800 JavaThread "pool-2-thread-2" [_thread_blocked, id=24135, stack(0x00007fc369c9a000,0x00007fc369d9b000)]
  0x00007fc3a0245800 JavaThread "pool-3-thread-1" [_thread_blocked, id=24134, stack(0x00007fc369d9b000,0x00007fc369e9c000)]
  0x00007fc3a0244000 JavaThread "pool-2-thread-1" [_thread_blocked, id=24133, stack(0x00007fc369e9c000,0x00007fc369f9d000)]
  0x00007fc3a00b8800 JavaThread "Service Thread" daemon [_thread_blocked, id=24131, stack(0x00007fc36b81c000,0x00007fc36b91d000)]
  0x00007fc3a00b6000 JavaThread "C2 CompilerThread1" daemon [_thread_blocked, id=24130, stack(0x00007fc3780f1000,0x00007fc3781f2000)]
  0x00007fc3a00b3000 JavaThread "C2 CompilerThread0" daemon [_thread_blocked, id=24129, stack(0x00007fc3781f2000,0x00007fc3782f3000)]
  0x00007fc3a00b1000 JavaThread "Signal Dispatcher" daemon [_thread_blocked, id=24128, stack(0x00007fc3782f3000,0x00007fc3783f4000)]
  0x00007fc3a0085000 JavaThread "Finalizer" daemon [_thread_blocked, id=24127, stack(0x00007fc3783f4000,0x00007fc3784f5000)]
  0x00007fc3a0083000 JavaThread "Reference Handler" daemon [_thread_blocked, id=24126, stack(0x00007fc3784f5000,0x00007fc3785f6000)]
  0x00007fc3a000a800 JavaThread "main" [_thread_blocked, id=24116, stack(0x00007fc3a7e16000,0x00007fc3a7f17000)]

Other Threads:
=>0x00007fc3a007e800 VMThread [stack: 0x00007fc3785f6000,0x00007fc3786f7000] [id=24125]
  0x00007fc3a00c3800 WatcherThread [stack: 0x00007fc36b71b000,0x00007fc36b81c000] [id=24132]

VM state:at safepoint (normal execution)

VM Mutex/Monitor currently owned by a thread:  ([mutex/lock_event])
[0x00007fc3a0006200] ExpandHeap_lock - owner thread: 0x00007fc3a007e800
[0x00007fc3a0006880] Threads_lock - owner thread: 0x00007fc3a007e800
[0x00007fc3a0006d80] Heap_lock - owner thread: 0x00007fc3a000a800

Heap
 PSYoungGen      total 274432K, used 12026K [0x00000000eaa80000, 0x0000000100000000, 0x0000000100000000)
  eden space 199168K, 0% used [0x00000000eaa80000,0x00000000eaa80000,0x00000000f6d00000)
  from space 75264K, 15% used [0x00000000f6d00000,0x00000000f78be9d0,0x00000000fb680000)
  to   space 73216K, 0% used [0x00000000fb880000,0x00000000fb880000,0x0000000100000000)
 ParOldGen       total 150016K, used 149684K [0x00000000c0000000, 0x00000000c9280000, 0x00000000eaa80000)
  object space 150016K, 99% used [0x00000000c0000000,0x00000000c922d1b8,0x00000000c9280000)
 PSPermGen       total 21504K, used 6482K [0x00000000b5a00000, 0x00000000b6f00000, 0x00000000c0000000)
  object space 21504K, 30% used [0x00000000b5a00000,0x00000000b60548b0,0x00000000b6f00000)

Card table byte_map: [0x00007fc3a4793000,0x00007fc3a49e7000] byte_map_base: 0x00007fc3a41e6000

Polling page: 0x00007fc3a7f3d000

Code Cache  [0x00007fc39d000000, 0x00007fc39d380000, 0x00007fc3a0000000)
 total_blobs=1217 nmethods=986 adapters=184 free_code_cache=45659Kb largest_free_block=46698944

Compilation events (10 events):
Event: 9,461 Thread 0x00007fc3a00b3000 nmethod 995 0x00007fc39d152dd0 code [0x00007fc39d152f40, 0x00007fc39d153198]
Event: 9,461 Thread 0x00007fc3a00b3000  996             com.android.dx.rop.code.ThrowingInsn::withNewRegisters (21 bytes)
Event: 9,463 Thread 0x00007fc3a00b3000 nmethod 996 0x00007fc39d15f050 code [0x00007fc39d15f1a0, 0x00007fc39d15f378]
Event: 9,463 Thread 0x00007fc3a00b3000  997             com.android.dx.ssa.back.FirstFitLocalCombiningAllocator::handleInvokeRangeInsns (36 bytes)
Event: 9,473 Thread 0x00007fc3a00b3000 nmethod 997 0x00007fc39d372b50 code [0x00007fc39d372d60, 0x00007fc39d373560]
Event: 9,473 Thread 0x00007fc3a00b3000  998             java.util.TimSort::sort (204 bytes)
Event: 9,512 Thread 0x00007fc3a00b3000 nmethod 998 0x00007fc39d374710 code [0x00007fc39d374960, 0x00007fc39d375fb0]
Event: 9,512 Thread 0x00007fc3a00b3000  999             com.android.dx.rop.cst.CstArray$List::get (9 bytes)
Event: 9,513 Thread 0x00007fc3a00b3000 nmethod 999 0x00007fc39d15ed10 code [0x00007fc39d15ee60, 0x00007fc39d15ef38]
Event: 9,513 Thread 0x00007fc3a00b3000 1000   !         com.android.dx.cf.code.BytecodeArray::parseInstruction (2764 bytes)

GC Heap History (10 events):
Event: 5,645 GC heap after
Heap after GC invocations=8 (full 0):
 PSYoungGen      total 270848K, used 31738K [0x00000000eaa80000, 0x00000000feb80000, 0x0000000100000000)
  eden space 239104K, 0% used [0x00000000eaa80000,0x00000000eaa80000,0x00000000f9400000)
  from space 31744K, 99% used [0x00000000fbb80000,0x00000000fda7ebf8,0x00000000fda80000)
  to   space 40448K, 0% used [0x00000000f9400000,0x00000000f9400000,0x00000000fbb80000)
 ParOldGen       total 83968K, used 37270K [0x00000000c0000000, 0x00000000c5200000, 0x00000000eaa80000)
  object space 83968K, 44% used [0x00000000c0000000,0x00000000c2465b08,0x00000000c5200000)
 PSPermGen       total 21504K, used 6404K [0x00000000b5a00000, 0x00000000b6f00000, 0x00000000c0000000)
  object space 21504K, 29% used [0x00000000b5a00000,0x00000000b6041368,0x00000000b6f00000)
}
Event: 7,343 GC heap before
{Heap before GC invocations=9 (full 0):
 PSYoungGen      total 270848K, used 270842K [0x00000000eaa80000, 0x00000000feb80000, 0x0000000100000000)
  eden space 239104K, 100% used [0x00000000eaa80000,0x00000000f9400000,0x00000000f9400000)
  from space 31744K, 99% used [0x00000000fbb80000,0x00000000fda7ebf8,0x00000000fda80000)
  to   space 40448K, 0% used [0x00000000f9400000,0x00000000f9400000,0x00000000fbb80000)
 ParOldGen       total 83968K, used 37270K [0x00000000c0000000, 0x00000000c5200000, 0x00000000eaa80000)
  object space 83968K, 44% used [0x00000000c0000000,0x00000000c2465b20,0x00000000c5200000)
 PSPermGen       total 21504K, used 6440K [0x00000000b5a00000, 0x00000000b6f00000, 0x00000000c0000000)
  object space 21504K, 29% used [0x00000000b5a00000,0x00000000b604a3a8,0x00000000b6f00000)
Event: 7,432 GC heap after
Heap after GC invocations=9 (full 0):
 PSYoungGen      total 279552K, used 40445K [0x00000000eaa80000, 0x0000000100000000, 0x0000000100000000)
  eden space 239104K, 0% used [0x00000000eaa80000,0x00000000eaa80000,0x00000000f9400000)
  from space 40448K, 99% used [0x00000000f9400000,0x00000000fbb7f798,0x00000000fbb80000)
  to   space 56832K, 0% used [0x00000000fc880000,0x00000000fc880000,0x0000000100000000)
 ParOldGen       total 83968K, used 59589K [0x00000000c0000000, 0x00000000c5200000, 0x00000000eaa80000)
  object space 83968K, 70% used [0x00000000c0000000,0x00000000c3a31748,0x00000000c5200000)
 PSPermGen       total 21504K, used 6440K [0x00000000b5a00000, 0x00000000b6f00000, 0x00000000c0000000)
  object space 21504K, 29% used [0x00000000b5a00000,0x00000000b604a3a8,0x00000000b6f00000)
}
Event: 8,166 GC heap before
{Heap before GC invocations=10 (full 0):
 PSYoungGen      total 279552K, used 279549K [0x00000000eaa80000, 0x0000000100000000, 0x0000000100000000)
  eden space 239104K, 100% used [0x00000000eaa80000,0x00000000f9400000,0x00000000f9400000)
  from space 40448K, 99% used [0x00000000f9400000,0x00000000fbb7f798,0x00000000fbb80000)
  to   space 56832K, 0% used [0x00000000fc880000,0x00000000fc880000,0x0000000100000000)
 ParOldGen       total 83968K, used 59592K [0x00000000c0000000, 0x00000000c5200000, 0x00000000eaa80000)
  object space 83968K, 70% used [0x00000000c0000000,0x00000000c3a320b0,0x00000000c5200000)
 PSPermGen       total 21504K, used 6466K [0x00000000b5a00000, 0x00000000b6f00000, 0x00000000c0000000)
  object space 21504K, 30% used [0x00000000b5a00000,0x00000000b6050a20,0x00000000b6f00000)
Event: 8,510 GC heap after
Heap after GC invocations=10 (full 0):
 PSYoungGen      total 256000K, used 56812K [0x00000000eaa80000, 0x0000000100000000, 0x0000000100000000)
  eden space 199168K, 0% used [0x00000000eaa80000,0x00000000eaa80000,0x00000000f6d00000)
  from space 56832K, 99% used [0x00000000fc880000,0x00000000ffffb168,0x0000000100000000)
  to   space 75264K, 0% used [0x00000000f6d00000,0x00000000f6d00000,0x00000000fb680000)
 ParOldGen       total 83968K, used 82838K [0x00000000c0000000, 0x00000000c5200000, 0x00000000eaa80000)
  object space 83968K, 98% used [0x00000000c0000000,0x00000000c50e58b8,0x00000000c5200000)
 PSPermGen       total 21504K, used 6466K [0x00000000b5a00000, 0x00000000b6f00000, 0x00000000c0000000)
  object space 21504K, 30% used [0x00000000b5a00000,0x00000000b6050a20,0x00000000b6f00000)
}
Event: 8,510 GC heap before
{Heap before GC invocations=11 (full 1):
 PSYoungGen      total 256000K, used 56812K [0x00000000eaa80000, 0x0000000100000000, 0x0000000100000000)
  eden space 199168K, 0% used [0x00000000eaa80000,0x00000000eaa80000,0x00000000f6d00000)
  from space 56832K, 99% used [0x00000000fc880000,0x00000000ffffb168,0x0000000100000000)
  to   space 75264K, 0% used [0x00000000f6d00000,0x00000000f6d00000,0x00000000fb680000)
 ParOldGen       total 83968K, used 82838K [0x00000000c0000000, 0x00000000c5200000, 0x00000000eaa80000)
  object space 83968K, 98% used [0x00000000c0000000,0x00000000c50e58b8,0x00000000c5200000)
 PSPermGen       total 21504K, used 6466K [0x00000000b5a00000, 0x00000000b6f00000, 0x00000000c0000000)
  object space 21504K, 30% used [0x00000000b5a00000,0x00000000b6050a20,0x00000000b6f00000)
Event: 8,986 GC heap after
Heap after GC invocations=11 (full 1):
 PSYoungGen      total 256000K, used 47763K [0x00000000eaa80000, 0x0000000100000000, 0x0000000100000000)
  eden space 199168K, 0% used [0x00000000eaa80000,0x00000000eaa80000,0x00000000f6d00000)
  from space 56832K, 84% used [0x00000000fc880000,0x00000000ff724c60,0x0000000100000000)
  to   space 75264K, 0% used [0x00000000f6d00000,0x00000000f6d00000,0x00000000fb680000)
 ParOldGen       total 150016K, used 83903K [0x00000000c0000000, 0x00000000c9280000, 0x00000000eaa80000)
  object space 150016K, 55% used [0x00000000c0000000,0x00000000c51eff38,0x00000000c9280000)
 PSPermGen       total 21504K, used 6461K [0x00000000b5a00000, 0x00000000b6f00000, 0x00000000c0000000)
  object space 21504K, 30% used [0x00000000b5a00000,0x00000000b604f670,0x00000000b6f00000)
}
Event: 9,600 GC heap before
{Heap before GC invocations=12 (full 1):
 PSYoungGen      total 256000K, used 246931K [0x00000000eaa80000, 0x0000000100000000, 0x0000000100000000)
  eden space 199168K, 100% used [0x00000000eaa80000,0x00000000f6d00000,0x00000000f6d00000)
  from space 56832K, 84% used [0x00000000fc880000,0x00000000ff724c60,0x0000000100000000)
  to   space 75264K, 0% used [0x00000000f6d00000,0x00000000f6d00000,0x00000000fb680000)
 ParOldGen       total 150016K, used 83903K [0x00000000c0000000, 0x00000000c9280000, 0x00000000eaa80000)
  object space 150016K, 55% used [0x00000000c0000000,0x00000000c51eff38,0x00000000c9280000)
 PSPermGen       total 21504K, used 6482K [0x00000000b5a00000, 0x00000000b6f00000, 0x00000000c0000000)
  object space 21504K, 30% used [0x00000000b5a00000,0x00000000b6054970,0x00000000b6f00000)
Event: 9,701 GC heap after
Heap after GC invocations=12 (full 1):
 PSYoungGen      total 274432K, used 33257K [0x00000000eaa80000, 0x0000000100000000, 0x0000000100000000)
  eden space 199168K, 0% used [0x00000000eaa80000,0x00000000eaa80000,0x00000000f6d00000)
  from space 75264K, 44% used [0x00000000f6d00000,0x00000000f8d7a6c8,0x00000000fb680000)
  to   space 73216K, 0% used [0x00000000fb880000,0x00000000fb880000,0x0000000100000000)
 ParOldGen       total 150016K, used 131899K [0x00000000c0000000, 0x00000000c9280000, 0x00000000eaa80000)
  object space 150016K, 87% used [0x00000000c0000000,0x00000000c80ceff8,0x00000000c9280000)
 PSPermGen       total 21504K, used 6482K [0x00000000b5a00000, 0x00000000b6f00000, 0x00000000c0000000)
  object space 21504K, 30% used [0x00000000b5a00000,0x00000000b6054970,0x00000000b6f00000)
}
Event: 9,701 GC heap before
{Heap before GC invocations=13 (full 2):
 PSYoungGen      total 274432K, used 33257K [0x00000000eaa80000, 0x0000000100000000, 0x0000000100000000)
  eden space 199168K, 0% used [0x00000000eaa80000,0x00000000eaa80000,0x00000000f6d00000)
  from space 75264K, 44% used [0x00000000f6d00000,0x00000000f8d7a6c8,0x00000000fb680000)
  to   space 73216K, 0% used [0x00000000fb880000,0x00000000fb880000,0x0000000100000000)
 ParOldGen       total 150016K, used 131899K [0x00000000c0000000, 0x00000000c9280000, 0x00000000eaa80000)
  object space 150016K, 87% used [0x00000000c0000000,0x00000000c80ceff8,0x00000000c9280000)
 PSPermGen       total 21504K, used 6482K [0x00000000b5a00000, 0x00000000b6f00000, 0x00000000c0000000)
  object space 21504K, 30% used [0x00000000b5a00000,0x00000000b6054970,0x00000000b6f00000)

Deoptimization events (10 events):
Event: 6,228 Thread 0x00007fc3a0244000 Uncommon trap: reason=class_check action=maybe_recompile pc=0x00007fc39d1ef48c method=com.android.dx.ssa.SCCP.replaceConstants()V @ 182
Event: 6,346 Thread 0x00007fc3a0247800 Uncommon trap: reason=unreached action=reinterpret pc=0x00007fc39d26768c method=com.android.dx.dex.cf.AttributeTranslator.getAnnotations0(Lcom/android/dx/cf/iface/AttributeList;)Lcom/android/dx/rop/annotation/Annotations; @ 42
Event: 6,478 Thread 0x00007fc3a024c000 Uncommon trap: reason=unreached action=reinterpret pc=0x00007fc39d25cc20 method=com.android.dx.rop.code.LocalItem.compareHandlesNulls(Lcom/android/dx/rop/cst/CstString;Lcom/android/dx/rop/cst/CstString;)I @ 8
Event: 6,478 Thread 0x00007fc3a024c000 Uncommon trap: reason=unreached action=reinterpret pc=0x00007fc39d0fc050 method=com.android.dx.rop.code.LocalItem.compareHandlesNulls(Lcom/android/dx/rop/cst/CstString;Lcom/android/dx/rop/cst/CstString;)I @ 8
Event: 6,478 Thread 0x00007fc3a024c000 Uncommon trap: reason=unreached action=reinterpret pc=0x00007fc39d0d62cc method=com.android.dx.rop.code.LocalItem.compareHandlesNulls(Lcom/android/dx/rop/cst/CstString;Lcom/android/dx/rop/cst/CstString;)I @ 8
Event: 6,487 Thread 0x00007fc3a024c000 Uncommon trap: reason=unreached action=reinterpret pc=0x00007fc39d119230 method=com.android.dx.rop.code.LocalItem.compareHandlesNulls(Lcom/android/dx/rop/cst/CstString;Lcom/android/dx/rop/cst/CstString;)I @ 8
Event: 8,036 Thread 0x00007fc3a0244000 Uncommon trap: reason=bimorphic action=maybe_recompile pc=0x00007fc39d2efc40 method=com.android.dx.cf.code.BytecodeArray.parseInstruction(ILcom/android/dx/cf/code/BytecodeArray$Visitor;)I @ 1357
Event: 8,037 Thread 0x00007fc3a0244000 Uncommon trap: reason=bimorphic action=maybe_recompile pc=0x00007fc39d2efc40 method=com.android.dx.cf.code.BytecodeArray.parseInstruction(ILcom/android/dx/cf/code/BytecodeArray$Visitor;)I @ 1357
Event: 8,058 Thread 0x00007fc3a024c000 Uncommon trap: reason=bimorphic action=maybe_recompile pc=0x00007fc39d1bef44 method=com.android.dx.ssa.LiteralOpUpgrader.tryReplacingWithConstant(Lcom/android/dx/ssa/NormalSsaInsn;)Z @ 62
Event: 8,062 Thread 0x00007fc3a024c000 Uncommon trap: reason=bimorphic action=maybe_recompile pc=0x00007fc39d1bef44 method=com.android.dx.ssa.LiteralOpUpgrader.tryReplacingWithConstant(Lcom/android/dx/ssa/NormalSsaInsn;)Z @ 62

Internal exceptions (10 events):
Event: 3,736 Thread 0x00007fc3a024a000 Implicit null exception at 0x00007fc39d192ec5 to 0x00007fc39d1965b5
Event: 5,309 Thread 0x00007fc3a000a800 Implicit null exception at 0x00007fc39d2221ab to 0x00007fc39d224261
Event: 6,091 Thread 0x00007fc3a000a800 Implicit null exception at 0x00007fc39d16fd25 to 0x00007fc39d170f81
Event: 6,263 Thread 0x00007fc3a000a800 Threw 0x00000000ee2b40c8 at /build/openjdk-7-FO0dNI/openjdk-7-7u79-2.5.6/build/openjdk/hotspot/src/share/vm/prims/jvm.cpp:1284
Event: 6,478 Thread 0x00007fc3a024c000 Implicit null exception at 0x00007fc39d25c99b to 0x00007fc39d25cc0d
Event: 6,478 Thread 0x00007fc3a024c000 Implicit null exception at 0x00007fc39d0fbde7 to 0x00007fc39d0fc03d
Event: 6,478 Thread 0x00007fc3a024c000 Implicit null exception at 0x00007fc39d0d61b8 to 0x00007fc39d0d62b9
Event: 6,487 Thread 0x00007fc3a024c000 Implicit null exception at 0x00007fc39d117cd5 to 0x00007fc39d119221
Event: 6,609 Thread 0x00007fc3a000a800 Threw 0x00000000f0329780 at /build/openjdk-7-FO0dNI/openjdk-7-7u79-2.5.6/build/openjdk/hotspot/src/share/vm/prims/jvm.cpp:1284
Event: 8,115 Thread 0x00007fc3a024c000 Threw 0x00000000f8365f58 at /build/openjdk-7-FO0dNI/openjdk-7-7u79-2.5.6/build/openjdk/hotspot/src/share/vm/prims/jvm.cpp:1284

Events (10 events):
Event: 8,062 Thread 0x00007fc3a024c000 DEOPT UNPACKING pc=0x00007fc39d039445 sp=0x00007fc369b96fd0 mode 2
Event: 8,115 loading class 0x00007fc33c0159d0
Event: 8,115 loading class 0x00007fc33c0159d0 done
Event: 8,153 loading class 0x00007fc3a409db30
Event: 8,162 Executing VM operation: ParallelGCFailedAllocation
Event: 9,005 Executing VM operation: ParallelGCFailedAllocation done
Event: 9,013 loading class 0x00007fc3a409db30 done
Event: 9,068 Thread 0x00007fc3a00b6000 flushing nmethod 0x00007fc39d150490
Event: 9,075 Thread 0x00007fc3a00b6000 flushing nmethod 0x00007fc39d21f1d0
Event: 9,592 Executing VM operation: ParallelGCFailedAllocation


Dynamic libraries:
00400000-00401000 r-xp 00000000 fc:01 1969934                            /usr/lib/jvm/java-7-openjdk-amd64/jre/bin/java
00600000-00601000 r--p 00000000 fc:01 1969934                            /usr/lib/jvm/java-7-openjdk-amd64/jre/bin/java
00601000-00602000 rw-p 00001000 fc:01 1969934                            /usr/lib/jvm/java-7-openjdk-amd64/jre/bin/java
0202d000-0204e000 rw-p 00000000 00:00 0                                  [heap]
b5a00000-b6f00000 rw-p 00000000 00:00 0 
b6f00000-c0000000 rw-p 00000000 00:00 0 
c0000000-c9280000 rw-p 00000000 00:00 0 
cfb00000-eaa80000 rw-p 00000000 00:00 0 
eaa80000-100000000 rw-p 00000000 00:00 0 
7fc33c000000-7fc33c027000 rw-p 00000000 00:00 0 
7fc33c027000-7fc340000000 ---p 00000000 00:00 0 
7fc344000000-7fc34402a000 rw-p 00000000 00:00 0 
7fc34402a000-7fc348000000 ---p 00000000 00:00 0 
7fc348000000-7fc348023000 rw-p 00000000 00:00 0 
7fc348023000-7fc34c000000 ---p 00000000 00:00 0 
7fc34c000000-7fc34c034000 rw-p 00000000 00:00 0 
7fc34c034000-7fc350000000 ---p 00000000 00:00 0 
7fc350000000-7fc350021000 rw-p 00000000 00:00 0 
7fc350021000-7fc354000000 ---p 00000000 00:00 0 
7fc354000000-7fc354021000 rw-p 00000000 00:00 0 
7fc354021000-7fc358000000 ---p 00000000 00:00 0 
7fc358000000-7fc358021000 rw-p 00000000 00:00 0 
7fc358021000-7fc35c000000 ---p 00000000 00:00 0 
7fc35c000000-7fc35d5ee000 rw-p 00000000 00:00 0 
7fc35d5ee000-7fc360000000 ---p 00000000 00:00 0 
7fc360000000-7fc361b01000 rw-p 00000000 00:00 0 
7fc361b01000-7fc364000000 ---p 00000000 00:00 0 
7fc364000000-7fc364021000 rw-p 00000000 00:00 0 
7fc364021000-7fc368000000 ---p 00000000 00:00 0 
7fc369a98000-7fc369a9b000 ---p 00000000 00:00 0 
7fc369a9b000-7fc369b99000 rw-p 00000000 00:00 0                          [stack:24137]
7fc369b99000-7fc369b9c000 ---p 00000000 00:00 0 
7fc369b9c000-7fc369c9a000 rw-p 00000000 00:00 0                          [stack:24136]
7fc369c9a000-7fc369c9d000 ---p 00000000 00:00 0 
7fc369c9d000-7fc369d9b000 rw-p 00000000 00:00 0                          [stack:24135]
7fc369d9b000-7fc369d9e000 ---p 00000000 00:00 0 
7fc369d9e000-7fc369e9c000 rw-p 00000000 00:00 0                          [stack:24134]
7fc369e9c000-7fc369e9f000 ---p 00000000 00:00 0 
7fc369e9f000-7fc369f9d000 rw-p 00000000 00:00 0                          [stack:24133]
7fc369f9d000-7fc369fda000 r-xp 00000000 fc:01 30413023                   /lib/x86_64-linux-gnu/libpcre.so.3.13.1
7fc369fda000-7fc36a1d9000 ---p 0003d000 fc:01 30413023                   /lib/x86_64-linux-gnu/libpcre.so.3.13.1
7fc36a1d9000-7fc36a1da000 r--p 0003c000 fc:01 30413023                   /lib/x86_64-linux-gnu/libpcre.so.3.13.1
7fc36a1da000-7fc36a1db000 rw-p 0003d000 fc:01 30413023                   /lib/x86_64-linux-gnu/libpcre.so.3.13.1
7fc36a1db000-7fc36a1e2000 r-xp 00000000 fc:01 57941651                   /usr/lib/x86_64-linux-gnu/libffi.so.6.0.1
7fc36a1e2000-7fc36a3e1000 ---p 00007000 fc:01 57941651                   /usr/lib/x86_64-linux-gnu/libffi.so.6.0.1
7fc36a3e1000-7fc36a3e2000 r--p 00006000 fc:01 57941651                   /usr/lib/x86_64-linux-gnu/libffi.so.6.0.1
7fc36a3e2000-7fc36a3e3000 rw-p 00007000 fc:01 57941651                   /usr/lib/x86_64-linux-gnu/libffi.so.6.0.1
7fc36a3e3000-7fc36a3fa000 r-xp 00000000 fc:01 30408878                   /lib/x86_64-linux-gnu/libresolv-2.19.so
7fc36a3fa000-7fc36a5fa000 ---p 00017000 fc:01 30408878                   /lib/x86_64-linux-gnu/libresolv-2.19.so
7fc36a5fa000-7fc36a5fb000 r--p 00017000 fc:01 30408878                   /lib/x86_64-linux-gnu/libresolv-2.19.so
7fc36a5fb000-7fc36a5fc000 rw-p 00018000 fc:01 30408878                   /lib/x86_64-linux-gnu/libresolv-2.19.so
7fc36a5fc000-7fc36a5fe000 rw-p 00000000 00:00 0 
7fc36a5fe000-7fc36a61e000 r-xp 00000000 fc:01 30412803                   /lib/x86_64-linux-gnu/libselinux.so.1
7fc36a61e000-7fc36a81d000 ---p 00020000 fc:01 30412803                   /lib/x86_64-linux-gnu/libselinux.so.1
7fc36a81d000-7fc36a81e000 r--p 0001f000 fc:01 30412803                   /lib/x86_64-linux-gnu/libselinux.so.1
7fc36a81e000-7fc36a81f000 rw-p 00020000 fc:01 30412803                   /lib/x86_64-linux-gnu/libselinux.so.1
7fc36a81f000-7fc36a821000 rw-p 00000000 00:00 0 
7fc36a821000-7fc36a824000 r-xp 00000000 fc:01 57934188                   /usr/lib/x86_64-linux-gnu/libgmodule-2.0.so.0.4002.0
7fc36a824000-7fc36aa23000 ---p 00003000 fc:01 57934188                   /usr/lib/x86_64-linux-gnu/libgmodule-2.0.so.0.4002.0
7fc36aa23000-7fc36aa24000 r--p 00002000 fc:01 57934188                   /usr/lib/x86_64-linux-gnu/libgmodule-2.0.so.0.4002.0
7fc36aa24000-7fc36aa25000 rw-p 00003000 fc:01 57934188                   /usr/lib/x86_64-linux-gnu/libgmodule-2.0.so.0.4002.0
7fc36aa25000-7fc36ab2b000 r-xp 00000000 fc:01 30412606                   /lib/x86_64-linux-gnu/libglib-2.0.so.0.4002.0
7fc36ab2b000-7fc36ad2a000 ---p 00106000 fc:01 30412606                   /lib/x86_64-linux-gnu/libglib-2.0.so.0.4002.0
7fc36ad2a000-7fc36ad2b000 r--p 00105000 fc:01 30412606                   /lib/x86_64-linux-gnu/libglib-2.0.so.0.4002.0
7fc36ad2b000-7fc36ad2c000 rw-p 00106000 fc:01 30412606                   /lib/x86_64-linux-gnu/libglib-2.0.so.0.4002.0
7fc36ad2c000-7fc36ad2d000 rw-p 00000000 00:00 0 
7fc36ad2d000-7fc36ad7c000 r-xp 00000000 fc:01 57934206                   /usr/lib/x86_64-linux-gnu/libgobject-2.0.so.0.4002.0
7fc36ad7c000-7fc36af7c000 ---p 0004f000 fc:01 57934206                   /usr/lib/x86_64-linux-gnu/libgobject-2.0.so.0.4002.0
7fc36af7c000-7fc36af7d000 r--p 0004f000 fc:01 57934206                   /usr/lib/x86_64-linux-gnu/libgobject-2.0.so.0.4002.0
7fc36af7d000-7fc36af7e000 rw-p 00050000 fc:01 57934206                   /usr/lib/x86_64-linux-gnu/libgobject-2.0.so.0.4002.0
7fc36af7e000-7fc36b0ea000 r-xp 00000000 fc:01 57934210                   /usr/lib/x86_64-linux-gnu/libgio-2.0.so.0.4002.0
7fc36b0ea000-7fc36b2e9000 ---p 0016c000 fc:01 57934210                   /usr/lib/x86_64-linux-gnu/libgio-2.0.so.0.4002.0
7fc36b2e9000-7fc36b2ed000 r--p 0016b000 fc:01 57934210                   /usr/lib/x86_64-linux-gnu/libgio-2.0.so.0.4002.0
7fc36b2ed000-7fc36b2ef000 rw-p 0016f000 fc:01 57934210                   /usr/lib/x86_64-linux-gnu/libgio-2.0.so.0.4002.0
7fc36b2ef000-7fc36b2f1000 rw-p 00000000 00:00 0 
7fc36b2f1000-7fc36b308000 r-xp 00000000 fc:01 1969620                    /usr/lib/jvm/java-7-openjdk-amd64/jre/lib/amd64/libnet.so
7fc36b308000-7fc36b507000 ---p 00017000 fc:01 1969620                    /usr/lib/jvm/java-7-openjdk-amd64/jre/lib/amd64/libnet.so
7fc36b507000-7fc36b508000 r--p 00016000 fc:01 1969620                    /usr/lib/jvm/java-7-openjdk-amd64/jre/lib/amd64/libnet.so
7fc36b508000-7fc36b509000 rw-p 00017000 fc:01 1969620                    /usr/lib/jvm/java-7-openjdk-amd64/jre/lib/amd64/libnet.so
7fc36b509000-7fc36b519000 r-xp 00000000 fc:01 1969625                    /usr/lib/jvm/java-7-openjdk-amd64/jre/lib/amd64/libnio.so
7fc36b519000-7fc36b719000 ---p 00010000 fc:01 1969625                    /usr/lib/jvm/java-7-openjdk-amd64/jre/lib/amd64/libnio.so
7fc36b719000-7fc36b71a000 r--p 00010000 fc:01 1969625                    /usr/lib/jvm/java-7-openjdk-amd64/jre/lib/amd64/libnio.so
7fc36b71a000-7fc36b71b000 rw-p 00011000 fc:01 1969625                    /usr/lib/jvm/java-7-openjdk-amd64/jre/lib/amd64/libnio.so
7fc36b71b000-7fc36b71c000 ---p 00000000 00:00 0 
7fc36b71c000-7fc36b81c000 rw-p 00000000 00:00 0                          [stack:24132]
7fc36b81c000-7fc36b81f000 ---p 00000000 00:00 0 
7fc36b81f000-7fc36b91d000 rw-p 00000000 00:00 0                          [stack:24131]
7fc36b91d000-7fc36c000000 r--p 00000000 fc:01 57940485                   /usr/lib/locale/locale-archive
7fc36c000000-7fc36c021000 rw-p 00000000 00:00 0 
7fc36c021000-7fc370000000 ---p 00000000 00:00 0 
7fc370000000-7fc370021000 rw-p 00000000 00:00 0 
7fc370021000-7fc374000000 ---p 00000000 00:00 0 
7fc374000000-7fc374241000 rw-p 00000000 00:00 0 
7fc374241000-7fc378000000 ---p 00000000 00:00 0 
7fc378088000-7fc3780f1000 r--s 004e8000 00:19 14026719                   /home/pokawa/Dev/Java/GalleryApp/app/build/intermediates/multi-dex/debug/allclasses.jar
7fc3780f1000-7fc3780f4000 ---p 00000000 00:00 0 
7fc3780f4000-7fc3781f2000 rw-p 00000000 00:00 0                          [stack:24130]
7fc3781f2000-7fc3781f5000 ---p 00000000 00:00 0 
7fc3781f5000-7fc3782f3000 rw-p 00000000 00:00 0                          [stack:24129]
7fc3782f3000-7fc3782f6000 ---p 00000000 00:00 0 
7fc3782f6000-7fc3783f4000 rw-p 00000000 00:00 0                          [stack:24128]
7fc3783f4000-7fc3783f7000 ---p 00000000 00:00 0 
7fc3783f7000-7fc3784f5000 rw-p 00000000 00:00 0                          [stack:24127]
7fc3784f5000-7fc3784f8000 ---p 00000000 00:00 0 
7fc3784f8000-7fc3785f6000 rw-p 00000000 00:00 0                          [stack:24126]
7fc3785f6000-7fc3785f7000 ---p 00000000 00:00 0 
7fc3785f7000-7fc37c000000 rw-p 00000000 00:00 0                          [stack:24125]
7fc37c000000-7fc37c021000 rw-p 00000000 00:00 0 
7fc37c021000-7fc380000000 ---p 00000000 00:00 0 
7fc380000000-7fc380021000 rw-p 00000000 00:00 0 
7fc380021000-7fc384000000 ---p 00000000 00:00 0 
7fc384000000-7fc384021000 rw-p 00000000 00:00 0 
7fc384021000-7fc388000000 ---p 00000000 00:00 0 
7fc388000000-7fc388021000 rw-p 00000000 00:00 0 
7fc388021000-7fc38c000000 ---p 00000000 00:00 0 
7fc38c000000-7fc38c021000 rw-p 00000000 00:00 0 
7fc38c021000-7fc390000000 ---p 00000000 00:00 0 
7fc390000000-7fc390021000 rw-p 00000000 00:00 0 
7fc390021000-7fc394000000 ---p 00000000 00:00 0 
7fc394000000-7fc394021000 rw-p 00000000 00:00 0 
7fc394021000-7fc398000000 ---p 00000000 00:00 0 
7fc398000000-7fc398021000 rw-p 00000000 00:00 0 
7fc398021000-7fc39c000000 ---p 00000000 00:00 0 
7fc39c018000-7fc39c883000 rw-p 00000000 00:00 0 
7fc39c883000-7fc39ca34000 r--s 01d29000 fc:01 1968547                    /usr/lib/jvm/java-7-openjdk-amd64/jre/lib/rt.jar
7fc39ca34000-7fc39ccfd000 rw-p 00000000 00:00 0 
7fc39ccfd000-7fc39ccfe000 ---p 00000000 00:00 0 
7fc39ccfe000-7fc39cdfe000 rw-p 00000000 00:00 0                          [stack:24124]
7fc39cdfe000-7fc39cdff000 ---p 00000000 00:00 0 
7fc39cdff000-7fc39ceff000 rw-p 00000000 00:00 0                          [stack:24123]
7fc39ceff000-7fc39cf00000 ---p 00000000 00:00 0 
7fc39cf00000-7fc39d000000 rw-p 00000000 00:00 0                          [stack:24122]
7fc39d000000-7fc39d380000 rwxp 00000000 00:00 0 
7fc39d380000-7fc3a02dd000 rw-p 00000000 00:00 0 
7fc3a02dd000-7fc3a4000000 ---p 00000000 00:00 0 
7fc3a400a000-7fc3a4019000 r--s 000df000 00:19 12716787                   /home/pokawa/Android/Sdk/build-tools/23.0.2/lib/dx.jar
7fc3a4019000-7fc3a40e5000 rw-p 00000000 00:00 0 
7fc3a40e5000-7fc3a40e6000 ---p 00000000 00:00 0 
7fc3a40e6000-7fc3a41e6000 rw-p 00000000 00:00 0                          [stack:24121]
7fc3a41e6000-7fc3a41e7000 ---p 00000000 00:00 0 
7fc3a41e7000-7fc3a42e7000 rw-p 00000000 00:00 0                          [stack:24120]
7fc3a42e7000-7fc3a42e8000 ---p 00000000 00:00 0 
7fc3a42e8000-7fc3a43e8000 rw-p 00000000 00:00 0                          [stack:24119]
7fc3a43e8000-7fc3a43e9000 ---p 00000000 00:00 0 
7fc3a43e9000-7fc3a44e9000 rw-p 00000000 00:00 0                          [stack:24118]
7fc3a44e9000-7fc3a44ea000 ---p 00000000 00:00 0 
7fc3a44ea000-7fc3a45f5000 rw-p 00000000 00:00 0                          [stack:24117]
7fc3a45f5000-7fc3a463d000 rw-p 00000000 00:00 0 
7fc3a463d000-7fc3a4687000 rw-p 00000000 00:00 0 
7fc3a4687000-7fc3a4793000 rw-p 00000000 00:00 0 
7fc3a4793000-7fc3a479e000 rw-p 00000000 00:00 0 
7fc3a479e000-7fc3a47e6000 rw-p 00000000 00:00 0 
7fc3a47e6000-7fc3a4830000 rw-p 00000000 00:00 0 
7fc3a4830000-7fc3a493b000 rw-p 00000000 00:00 0 
7fc3a493b000-7fc3a49e6000 rw-p 00000000 00:00 0 
7fc3a49e6000-7fc3a49e7000 rw-p 00000000 00:00 0 
7fc3a49e7000-7fc3a49ef000 r-xp 00000000 fc:01 1969592                    /usr/lib/jvm/java-7-openjdk-amd64/jre/lib/amd64/libzip.so
7fc3a49ef000-7fc3a4bee000 ---p 00008000 fc:01 1969592                    /usr/lib/jvm/java-7-openjdk-amd64/jre/lib/amd64/libzip.so
7fc3a4bee000-7fc3a4bef000 r--p 00007000 fc:01 1969592                    /usr/lib/jvm/java-7-openjdk-amd64/jre/lib/amd64/libzip.so
7fc3a4bef000-7fc3a4bf0000 rw-p 00008000 fc:01 1969592                    /usr/lib/jvm/java-7-openjdk-amd64/jre/lib/amd64/libzip.so
7fc3a4bf0000-7fc3a4bfb000 r-xp 00000000 fc:01 30408901                   /lib/x86_64-linux-gnu/libnss_files-2.19.so
7fc3a4bfb000-7fc3a4dfa000 ---p 0000b000 fc:01 30408901                   /lib/x86_64-linux-gnu/libnss_files-2.19.so
7fc3a4dfa000-7fc3a4dfb000 r--p 0000a000 fc:01 30408901                   /lib/x86_64-linux-gnu/libnss_files-2.19.so
7fc3a4dfb000-7fc3a4dfc000 rw-p 0000b000 fc:01 30408901                   /lib/x86_64-linux-gnu/libnss_files-2.19.so
7fc3a4dfc000-7fc3a4e07000 r-xp 00000000 fc:01 30408931                   /lib/x86_64-linux-gnu/libnss_nis-2.19.so
7fc3a4e07000-7fc3a5006000 ---p 0000b000 fc:01 30408931                   /lib/x86_64-linux-gnu/libnss_nis-2.19.so
7fc3a5006000-7fc3a5007000 r--p 0000a000 fc:01 30408931                   /lib/x86_64-linux-gnu/libnss_nis-2.19.so
7fc3a5007000-7fc3a5008000 rw-p 0000b000 fc:01 30408931                   /lib/x86_64-linux-gnu/libnss_nis-2.19.so
7fc3a5008000-7fc3a501f000 r-xp 00000000 fc:01 30408920                   /lib/x86_64-linux-gnu/libnsl-2.19.so
7fc3a501f000-7fc3a521e000 ---p 00017000 fc:01 30408920                   /lib/x86_64-linux-gnu/libnsl-2.19.so
7fc3a521e000-7fc3a521f000 r--p 00016000 fc:01 30408920                   /lib/x86_64-linux-gnu/libnsl-2.19.so
7fc3a521f000-7fc3a5220000 rw-p 00017000 fc:01 30408920                   /lib/x86_64-linux-gnu/libnsl-2.19.so
7fc3a5220000-7fc3a5222000 rw-p 00000000 00:00 0 
7fc3a5222000-7fc3a522b000 r-xp 00000000 fc:01 30408918                   /lib/x86_64-linux-gnu/libnss_compat-2.19.so
7fc3a522b000-7fc3a542a000 ---p 00009000 fc:01 30408918                   /lib/x86_64-linux-gnu/libnss_compat-2.19.so
7fc3a542a000-7fc3a542b000 r--p 00008000 fc:01 30408918                   /lib/x86_64-linux-gnu/libnss_compat-2.19.so
7fc3a542b000-7fc3a542c000 rw-p 00009000 fc:01 30408918                   /lib/x86_64-linux-gnu/libnss_compat-2.19.so
7fc3a542c000-7fc3a5457000 r-xp 00000000 fc:01 1969628                    /usr/lib/jvm/java-7-openjdk-amd64/jre/lib/amd64/libjava.so
7fc3a5457000-7fc3a5656000 ---p 0002b000 fc:01 1969628                    /usr/lib/jvm/java-7-openjdk-amd64/jre/lib/amd64/libjava.so
7fc3a5656000-7fc3a5657000 r--p 0002a000 fc:01 1969628                    /usr/lib/jvm/java-7-openjdk-amd64/jre/lib/amd64/libjava.so
7fc3a5657000-7fc3a5659000 rw-p 0002b000 fc:01 1969628                    /usr/lib/jvm/java-7-openjdk-amd64/jre/lib/amd64/libjava.so
7fc3a5659000-7fc3a5669000 r-xp 00000000 fc:01 1969609                    /usr/lib/jvm/java-7-openjdk-amd64/jre/lib/amd64/libverify.so
7fc3a5669000-7fc3a5868000 ---p 00010000 fc:01 1969609                    /usr/lib/jvm/java-7-openjdk-amd64/jre/lib/amd64/libverify.so
7fc3a5868000-7fc3a586a000 r--p 0000f000 fc:01 1969609                    /usr/lib/jvm/java-7-openjdk-amd64/jre/lib/amd64/libverify.so
7fc3a586a000-7fc3a586b000 rw-p 00011000 fc:01 1969609                    /usr/lib/jvm/java-7-openjdk-amd64/jre/lib/amd64/libverify.so
7fc3a586b000-7fc3a5872000 r-xp 00000000 fc:01 30408928                   /lib/x86_64-linux-gnu/librt-2.19.so
7fc3a5872000-7fc3a5a71000 ---p 00007000 fc:01 30408928                   /lib/x86_64-linux-gnu/librt-2.19.so
7fc3a5a71000-7fc3a5a72000 r--p 00006000 fc:01 30408928                   /lib/x86_64-linux-gnu/librt-2.19.so
7fc3a5a72000-7fc3a5a73000 rw-p 00007000 fc:01 30408928                   /lib/x86_64-linux-gnu/librt-2.19.so
7fc3a5a73000-7fc3a5a89000 r-xp 00000000 fc:01 30412449                   /lib/x86_64-linux-gnu/libgcc_s.so.1
7fc3a5a89000-7fc3a5c88000 ---p 00016000 fc:01 30412449                   /lib/x86_64-linux-gnu/libgcc_s.so.1
7fc3a5c88000-7fc3a5c89000 r--p 00015000 fc:01 30412449                   /lib/x86_64-linux-gnu/libgcc_s.so.1
7fc3a5c89000-7fc3a5c8a000 rw-p 00016000 fc:01 30412449                   /lib/x86_64-linux-gnu/libgcc_s.so.1
7fc3a5c8a000-7fc3a5d8f000 r-xp 00000000 fc:01 30408900                   /lib/x86_64-linux-gnu/libm-2.19.so
7fc3a5d8f000-7fc3a5f8e000 ---p 00105000 fc:01 30408900                   /lib/x86_64-linux-gnu/libm-2.19.so
7fc3a5f8e000-7fc3a5f8f000 r--p 00104000 fc:01 30408900                   /lib/x86_64-linux-gnu/libm-2.19.so
7fc3a5f8f000-7fc3a5f90000 rw-p 00105000 fc:01 30408900                   /lib/x86_64-linux-gnu/libm-2.19.so
7fc3a5f90000-7fc3a60fd000 r-xp 00000000 fc:01 57940252                   /usr/lib/x86_64-linux-gnu/libstdc++.so.6.0.21
7fc3a60fd000-7fc3a62fc000 ---p 0016d000 fc:01 57940252                   /usr/lib/x86_64-linux-gnu/libstdc++.so.6.0.21
7fc3a62fc000-7fc3a6306000 r--p 0016c000 fc:01 57940252                   /usr/lib/x86_64-linux-gnu/libstdc++.so.6.0.21
7fc3a6306000-7fc3a6308000 rw-p 00176000 fc:01 57940252                   /usr/lib/x86_64-linux-gnu/libstdc++.so.6.0.21
7fc3a6308000-7fc3a630c000 rw-p 00000000 00:00 0 
7fc3a630c000-7fc3a6e25000 r-xp 00000000 fc:01 1969597                    /usr/lib/jvm/java-7-openjdk-amd64/jre/lib/amd64/server/libjvm.so
7fc3a6e25000-7fc3a7025000 ---p 00b19000 fc:01 1969597                    /usr/lib/jvm/java-7-openjdk-amd64/jre/lib/amd64/server/libjvm.so
7fc3a7025000-7fc3a70bf000 r--p 00b19000 fc:01 1969597                    /usr/lib/jvm/java-7-openjdk-amd64/jre/lib/amd64/server/libjvm.so
7fc3a70bf000-7fc3a70e2000 rw-p 00bb3000 fc:01 1969597                    /usr/lib/jvm/java-7-openjdk-amd64/jre/lib/amd64/server/libjvm.so
7fc3a70e2000-7fc3a7110000 rw-p 00000000 00:00 0 
7fc3a7110000-7fc3a7128000 r-xp 00000000 fc:01 30408875                   /lib/x86_64-linux-gnu/libz.so.1.2.8
7fc3a7128000-7fc3a7327000 ---p 00018000 fc:01 30408875                   /lib/x86_64-linux-gnu/libz.so.1.2.8
7fc3a7327000-7fc3a7328000 r--p 00017000 fc:01 30408875                   /lib/x86_64-linux-gnu/libz.so.1.2.8
7fc3a7328000-7fc3a7329000 rw-p 00018000 fc:01 30408875                   /lib/x86_64-linux-gnu/libz.so.1.2.8
7fc3a7329000-7fc3a7342000 r-xp 00000000 fc:01 30408926                   /lib/x86_64-linux-gnu/libpthread-2.19.so
7fc3a7342000-7fc3a7541000 ---p 00019000 fc:01 30408926                   /lib/x86_64-linux-gnu/libpthread-2.19.so
7fc3a7541000-7fc3a7542000 r--p 00018000 fc:01 30408926                   /lib/x86_64-linux-gnu/libpthread-2.19.so
7fc3a7542000-7fc3a7543000 rw-p 00019000 fc:01 30408926                   /lib/x86_64-linux-gnu/libpthread-2.19.so
7fc3a7543000-7fc3a7547000 rw-p 00000000 00:00 0 
7fc3a7547000-7fc3a754a000 r-xp 00000000 fc:01 30408911                   /lib/x86_64-linux-gnu/libdl-2.19.so
7fc3a754a000-7fc3a7749000 ---p 00003000 fc:01 30408911                   /lib/x86_64-linux-gnu/libdl-2.19.so
7fc3a7749000-7fc3a774a000 r--p 00002000 fc:01 30408911                   /lib/x86_64-linux-gnu/libdl-2.19.so
7fc3a774a000-7fc3a774b000 rw-p 00003000 fc:01 30408911                   /lib/x86_64-linux-gnu/libdl-2.19.so
7fc3a774b000-7fc3a7906000 r-xp 00000000 fc:01 30408925                   /lib/x86_64-linux-gnu/libc-2.19.so
7fc3a7906000-7fc3a7b05000 ---p 001bb000 fc:01 30408925                   /lib/x86_64-linux-gnu/libc-2.19.so
7fc3a7b05000-7fc3a7b09000 r--p 001ba000 fc:01 30408925                   /lib/x86_64-linux-gnu/libc-2.19.so
7fc3a7b09000-7fc3a7b0b000 rw-p 001be000 fc:01 30408925                   /lib/x86_64-linux-gnu/libc-2.19.so
7fc3a7b0b000-7fc3a7b10000 rw-p 00000000 00:00 0 
7fc3a7b10000-7fc3a7b1d000 r-xp 00000000 fc:01 1969595                    /usr/lib/jvm/java-7-openjdk-amd64/jre/lib/amd64/jli/libjli.so
7fc3a7b1d000-7fc3a7d1c000 ---p 0000d000 fc:01 1969595                    /usr/lib/jvm/java-7-openjdk-amd64/jre/lib/amd64/jli/libjli.so
7fc3a7d1c000-7fc3a7d1d000 r--p 0000c000 fc:01 1969595                    /usr/lib/jvm/java-7-openjdk-amd64/jre/lib/amd64/jli/libjli.so
7fc3a7d1d000-7fc3a7d1e000 rw-p 0000d000 fc:01 1969595                    /usr/lib/jvm/java-7-openjdk-amd64/jre/lib/amd64/jli/libjli.so
7fc3a7d1e000-7fc3a7d41000 r-xp 00000000 fc:01 30408922                   /lib/x86_64-linux-gnu/ld-2.19.so
7fc3a7d41000-7fc3a7d42000 rw-p 00000000 00:00 0 
7fc3a7d42000-7fc3a7d44000 r--s 00006000 fc:01 58330040                   /usr/share/java/java-atk-wrapper.jar
7fc3a7d44000-7fc3a7d48000 r--s 0003c000 fc:01 1969582                    /usr/lib/jvm/java-7-openjdk-amd64/jre/lib/ext/sunpkcs11.jar
7fc3a7d48000-7fc3a7d4c000 r--s 00034000 fc:01 1969581                    /usr/lib/jvm/java-7-openjdk-amd64/jre/lib/ext/sunjce_provider.jar
7fc3a7d4c000-7fc3a7d4d000 r--s 00002000 fc:01 1969579                    /usr/lib/jvm/java-7-openjdk-amd64/jre/lib/ext/dnsns.jar
7fc3a7d4d000-7fc3a7d50000 r--s 0000f000 fc:01 1969583                    /usr/lib/jvm/java-7-openjdk-amd64/jre/lib/ext/icedtea-sound.jar
7fc3a7d50000-7fc3a7d52000 r--s 00012000 fc:01 1969584                    /usr/lib/jvm/java-7-openjdk-amd64/jre/lib/ext/zipfs.jar
7fc3a7d52000-7fc3a7d56000 r--s 00085000 fc:01 1969578                    /usr/lib/jvm/java-7-openjdk-amd64/jre/lib/ext/localedata.jar
7fc3a7d56000-7fc3a7d64000 rw-p 00000000 00:00 0 
7fc3a7d64000-7fc3a7e16000 rw-p 00000000 00:00 0 
7fc3a7e16000-7fc3a7e19000 ---p 00000000 00:00 0 
7fc3a7e19000-7fc3a7f34000 rw-p 00000000 00:00 0                          [stack:24116]
7fc3a7f34000-7fc3a7f3c000 rw-s 00000000 fc:01 57151911                   /tmp/hsperfdata_pokawa/24112
7fc3a7f3c000-7fc3a7f3d000 rw-p 00000000 00:00 0 
7fc3a7f3d000-7fc3a7f3e000 ---p 00000000 00:00 0 
7fc3a7f3e000-7fc3a7f40000 rw-p 00000000 00:00 0 
7fc3a7f40000-7fc3a7f41000 r--p 00022000 fc:01 30408922                   /lib/x86_64-linux-gnu/ld-2.19.so
7fc3a7f41000-7fc3a7f42000 rw-p 00023000 fc:01 30408922                   /lib/x86_64-linux-gnu/ld-2.19.so
7fc3a7f42000-7fc3a7f43000 rw-p 00000000 00:00 0 
7ffc029b1000-7ffc029d2000 rw-p 00000000 00:00 0                          [stack]
7ffc029fc000-7ffc029fe000 r-xp 00000000 00:00 0                          [vdso]
ffffffffff600000-ffffffffff601000 r-xp 00000000 00:00 0                  [vsyscall]

VM Arguments:
jvm_args: -Xmx1024M -Dfile.encoding=UTF-8 -Duser.country=US -Duser.language=en -Duser.variant 
java_command: com.android.dx.command.Main --dex --num-threads=4 --multi-dex --main-dex-list /home/pokawa/Dev/Java/GalleryApp/app/build/intermediates/multi-dex/debug/maindexlist.txt --output /home/pokawa/Dev/Java/GalleryApp/app/build/intermediates/dex/debug /home/pokawa/Dev/Java/GalleryApp/app/build/intermediates/multi-dex/debug/allclasses.jar
Launcher Type: SUN_STANDARD

Environment Variables:
JAVA_HOME=/usr/local/java/jdk1.8.0_31
JRE_HOME=/usr/local/java/jre1.8.0_31
PATH=/usr/local/sbin:/usr/local/bin:/usr/sbin:/usr/bin:/sbin:/bin:/usr/games:/usr/local/games:/home/pokawa/bin:/usr/local/java/jdk1.8.0_31/bin:/home/pokawa/bin:/usr/local/java/jre1.8.0_31/bin
SHELL=/bin/bash
DISPLAY=:0

Signal Handlers:
SIGSEGV: [libjvm.so+0x94bab0], sa_mask[0]=0x7ffbfeff, sa_flags=0x10000004
SIGBUS: [libjvm.so+0x94bab0], sa_mask[0]=0x7ffbfeff, sa_flags=0x10000004
SIGFPE: [libjvm.so+0x7c38b0], sa_mask[0]=0x7ffbfeff, sa_flags=0x10000004
SIGPIPE: [libjvm.so+0x7c38b0], sa_mask[0]=0x7ffbfeff, sa_flags=0x10000004
SIGXFSZ: [libjvm.so+0x7c38b0], sa_mask[0]=0x7ffbfeff, sa_flags=0x10000004
SIGILL: [libjvm.so+0x7c38b0], sa_mask[0]=0x7ffbfeff, sa_flags=0x10000004
SIGUSR1: SIG_DFL, sa_mask[0]=0x00000000, sa_flags=0x00000000
SIGUSR2: [libjvm.so+0x7c3750], sa_mask[0]=0x00000004, sa_flags=0x10000004
SIGHUP: [libjvm.so+0x7c3930], sa_mask[0]=0x7ffbfeff, sa_flags=0x10000004
SIGINT: [libjvm.so+0x7c3930], sa_mask[0]=0x7ffbfeff, sa_flags=0x10000004
SIGTERM: [libjvm.so+0x7c3930], sa_mask[0]=0x7ffbfeff, sa_flags=0x10000004
SIGQUIT: [libjvm.so+0x7c3930], sa_mask[0]=0x7ffbfeff, sa_flags=0x10000004
SIGTRAP: SIG_DFL, sa_mask[0]=0x00000000, sa_flags=0x00000000


---------------  S Y S T E M  ---------------

OS:Ubuntu 14.04 (trusty)
uname:Linux 3.13.0-65-generic #105-Ubuntu SMP Mon Sep 21 18:50:58 UTC 2015 x86_64
libc:glibc 2.19 NPTL 2.19 
rlimit: STACK 8192k, CORE 0k, NPROC 62734, NOFILE 4096, AS infinity
load average:7,94 4,86 2,98

/proc/meminfo:
MemTotal:        8061444 kB
MemFree:          139108 kB
Buffers:            1912 kB
Cached:           129360 kB
SwapCached:            0 kB
Active:          6667732 kB
Inactive:         104744 kB
Active(anon):    6643540 kB
Inactive(anon):    77772 kB
Active(file):      24192 kB
Inactive(file):    26972 kB
Unevictable:          76 kB
Mlocked:              76 kB
SwapTotal:             0 kB
SwapFree:              0 kB
Dirty:              1920 kB
Writeback:           752 kB
AnonPages:       6641856 kB
Mapped:           957788 kB
Shmem:             79684 kB
Slab:             131348 kB
SReclaimable:      49420 kB
SUnreclaim:        81928 kB
KernelStack:        8736 kB
PageTables:        67412 kB
NFS_Unstable:          0 kB
Bounce:                0 kB
WritebackTmp:          0 kB
CommitLimit:     4030720 kB
Committed_AS:   13156188 kB
VmallocTotal:   34359738367 kB
VmallocUsed:      413288 kB
VmallocChunk:   34359315296 kB
HardwareCorrupted:     0 kB
AnonHugePages:   3299328 kB
HugePages_Total:       0
HugePages_Free:        0
HugePages_Rsvd:        0
HugePages_Surp:        0
Hugepagesize:       2048 kB
DirectMap4k:      114452 kB
DirectMap2M:     8159232 kB


CPU:total 8 (4 cores per cpu, 2 threads per core) family 6 model 58 stepping 9, cmov, cx8, fxsr, mmx, sse, sse2, sse3, ssse3, sse4.1, sse4.2, popcnt, avx, aes, erms, ht, tsc, tscinvbit, tscinv

/proc/cpuinfo:
processor	: 0
vendor_id	: GenuineIntel
cpu family	: 6
model		: 58
model name	: Intel(R) Core(TM) i7-3630QM CPU @ 2.40GHz
stepping	: 9
microcode	: 0x13
cpu MHz		: 1200.000
cache size	: 6144 KB
physical id	: 0
siblings	: 8
core id		: 0
cpu cores	: 4
apicid		: 0
initial apicid	: 0
fpu		: yes
fpu_exception	: yes
cpuid level	: 13
wp		: yes
flags		: fpu vme de pse tsc msr pae mce cx8 apic sep mtrr pge mca cmov pat pse36 clflush dts acpi mmx fxsr sse sse2 ss ht tm pbe syscall nx rdtscp lm constant_tsc arch_perfmon pebs bts rep_good nopl xtopology nonstop_tsc aperfmperf eagerfpu pni pclmulqdq dtes64 monitor ds_cpl vmx est tm2 ssse3 cx16 xtpr pdcm pcid sse4_1 sse4_2 x2apic popcnt tsc_deadline_timer aes xsave avx f16c rdrand lahf_lm ida arat epb xsaveopt pln pts dtherm tpr_shadow vnmi flexpriority ept vpid fsgsbase smep erms
bogomips	: 4789.28
clflush size	: 64
cache_alignment	: 64
address sizes	: 36 bits physical, 48 bits virtual
power management:

processor	: 1
vendor_id	: GenuineIntel
cpu family	: 6
model		: 58
model name	: Intel(R) Core(TM) i7-3630QM CPU @ 2.40GHz
stepping	: 9
microcode	: 0x13
cpu MHz		: 1200.000
cache size	: 6144 KB
physical id	: 0
siblings	: 8
core id		: 1
cpu cores	: 4
apicid		: 2
initial apicid	: 2
fpu		: yes
fpu_exception	: yes
cpuid level	: 13
wp		: yes
flags		: fpu vme de pse tsc msr pae mce cx8 apic sep mtrr pge mca cmov pat pse36 clflush dts acpi mmx fxsr sse sse2 ss ht tm pbe syscall nx rdtscp lm constant_tsc arch_perfmon pebs bts rep_good nopl xtopology nonstop_tsc aperfmperf eagerfpu pni pclmulqdq dtes64 monitor ds_cpl vmx est tm2 ssse3 cx16 xtpr pdcm pcid sse4_1 sse4_2 x2apic popcnt tsc_deadline_timer aes xsave avx f16c rdrand lahf_lm ida arat epb xsaveopt pln pts dtherm tpr_shadow vnmi flexpriority ept vpid fsgsbase smep erms
bogomips	: 4789.28
clflush size	: 64
cache_alignment	: 64
address sizes	: 36 bits physical, 48 bits virtual
power management:

processor	: 2
vendor_id	: GenuineIntel
cpu family	: 6
model		: 58
model name	: Intel(R) Core(TM) i7-3630QM CPU @ 2.40GHz
stepping	: 9
microcode	: 0x13
cpu MHz		: 2400.000
cache size	: 6144 KB
physical id	: 0
siblings	: 8
core id		: 2
cpu cores	: 4
apicid		: 4
initial apicid	: 4
fpu		: yes
fpu_exception	: yes
cpuid level	: 13
wp		: yes
flags		: fpu vme de pse tsc msr pae mce cx8 apic sep mtrr pge mca cmov pat pse36 clflush dts acpi mmx fxsr sse sse2 ss ht tm pbe syscall nx rdtscp lm constant_tsc arch_perfmon pebs bts rep_good nopl xtopology nonstop_tsc aperfmperf eagerfpu pni pclmulqdq dtes64 monitor ds_cpl vmx est tm2 ssse3 cx16 xtpr pdcm pcid sse4_1 sse4_2 x2apic popcnt tsc_deadline_timer aes xsave avx f16c rdrand lahf_lm ida arat epb xsaveopt pln pts dtherm tpr_shadow vnmi flexpriority ept vpid fsgsbase smep erms
bogomips	: 4789.28
clflush size	: 64
cache_alignment	: 64
address sizes	: 36 bits physical, 48 bits virtual
power management:

processor	: 3
vendor_id	: GenuineIntel
cpu family	: 6
model		: 58
model name	: Intel(R) Core(TM) i7-3630QM CPU @ 2.40GHz
stepping	: 9
microcode	: 0x13
cpu MHz		: 2400.000
cache size	: 6144 KB
physical id	: 0
siblings	: 8
core id		: 3
cpu cores	: 4
apicid		: 6
initial apicid	: 6
fpu		: yes
fpu_exception	: yes
cpuid level	: 13
wp		: yes
flags		: fpu vme de pse tsc msr pae mce cx8 apic sep mtrr pge mca cmov pat pse36 clflush dts acpi mmx fxsr sse sse2 ss ht tm pbe syscall nx rdtscp lm constant_tsc arch_perfmon pebs bts rep_good nopl xtopology nonstop_tsc aperfmperf eagerfpu pni pclmulqdq dtes64 monitor ds_cpl vmx est tm2 ssse3 cx16 xtpr pdcm pcid sse4_1 sse4_2 x2apic popcnt tsc_deadline_timer aes xsave avx f16c rdrand lahf_lm ida arat epb xsaveopt pln pts dtherm tpr_shadow vnmi flexpriority ept vpid fsgsbase smep erms
bogomips	: 4789.28
clflush size	: 64
cache_alignment	: 64
address sizes	: 36 bits physical, 48 bits virtual
power management:

processor	: 4
vendor_id	: GenuineIntel
cpu family	: 6
model		: 58
model name	: Intel(R) Core(TM) i7-3630QM CPU @ 2.40GHz
stepping	: 9
microcode	: 0x13
cpu MHz		: 1200.000
cache size	: 6144 KB
physical id	: 0
siblings	: 8
core id		: 0
cpu cores	: 4
apicid		: 1
initial apicid	: 1
fpu		: yes
fpu_exception	: yes
cpuid level	: 13
wp		: yes
flags		: fpu vme de pse tsc msr pae mce cx8 apic sep mtrr pge mca cmov pat pse36 clflush dts acpi mmx fxsr sse sse2 ss ht tm pbe syscall nx rdtscp lm constant_tsc arch_perfmon pebs bts rep_good nopl xtopology nonstop_tsc aperfmperf eagerfpu pni pclmulqdq dtes64 monitor ds_cpl vmx est tm2 ssse3 cx16 xtpr pdcm pcid sse4_1 sse4_2 x2apic popcnt tsc_deadline_timer aes xsave avx f16c rdrand lahf_lm ida arat epb xsaveopt pln pts dtherm tpr_shadow vnmi flexpriority ept vpid fsgsbase smep erms
bogomips	: 4789.28
clflush size	: 64
cache_alignment	: 64
address sizes	: 36 bits physical, 48 bits virtual
power management:

processor	: 5
vendor_id	: GenuineIntel
cpu family	: 6
model		: 58
model name	: Intel(R) Core(TM) i7-3630QM CPU @ 2.40GHz
stepping	: 9
microcode	: 0x13
cpu MHz		: 1200.000
cache size	: 6144 KB
physical id	: 0
siblings	: 8
core id		: 1
cpu cores	: 4
apicid		: 3
initial apicid	: 3
fpu		: yes
fpu_exception	: yes
cpuid level	: 13
wp		: yes
flags		: fpu vme de pse tsc msr pae mce cx8 apic sep mtrr pge mca cmov pat pse36 clflush dts acpi mmx fxsr sse sse2 ss ht tm pbe syscall nx rdtscp lm constant_tsc arch_perfmon pebs bts rep_good nopl xtopology nonstop_tsc aperfmperf eagerfpu pni pclmulqdq dtes64 monitor ds_cpl vmx est tm2 ssse3 cx16 xtpr pdcm pcid sse4_1 sse4_2 x2apic popcnt tsc_deadline_timer aes xsave avx f16c rdrand lahf_lm ida arat epb xsaveopt pln pts dtherm tpr_shadow vnmi flexpriority ept vpid fsgsbase smep erms
bogomips	: 4789.28
clflush size	: 64
cache_alignment	: 64
address sizes	: 36 bits physical, 48 bits virtual
power management:

processor	: 6
vendor_id	: GenuineIntel
cpu family	: 6
model		: 58
model name	: Intel(R) Core(TM) i7-3630QM CPU @ 2.40GHz
stepping	: 9
microcode	: 0x13
cpu MHz		: 2400.000
cache size	: 6144 KB
physical id	: 0
siblings	: 8
core id		: 2
cpu cores	: 4
apicid		: 5
initial apicid	: 5
fpu		: yes
fpu_exception	: yes
cpuid level	: 13
wp		: yes
flags		: fpu vme de pse tsc msr pae mce cx8 apic sep mtrr pge mca cmov pat pse36 clflush dts acpi mmx fxsr sse sse2 ss ht tm pbe syscall nx rdtscp lm constant_tsc arch_perfmon pebs bts rep_good nopl xtopology nonstop_tsc aperfmperf eagerfpu pni pclmulqdq dtes64 monitor ds_cpl vmx est tm2 ssse3 cx16 xtpr pdcm pcid sse4_1 sse4_2 x2apic popcnt tsc_deadline_timer aes xsave avx f16c rdrand lahf_lm ida arat epb xsaveopt pln pts dtherm tpr_shadow vnmi flexpriority ept vpid fsgsbase smep erms
bogomips	: 4789.28
clflush size	: 64
cache_alignment	: 64
address sizes	: 36 bits physical, 48 bits virtual
power management:

processor	: 7
vendor_id	: GenuineIntel
cpu family	: 6
model		: 58
model name	: Intel(R) Core(TM) i7-3630QM CPU @ 2.40GHz
stepping	: 9
microcode	: 0x13
cpu MHz		: 2400.000
cache size	: 6144 KB
physical id	: 0
siblings	: 8
core id		: 3
cpu cores	: 4
apicid		: 7
initial apicid	: 7
fpu		: yes
fpu_exception	: yes
cpuid level	: 13
wp		: yes
flags		: fpu vme de pse tsc msr pae mce cx8 apic sep mtrr pge mca cmov pat pse36 clflush dts acpi mmx fxsr sse sse2 ss ht tm pbe syscall nx rdtscp lm constant_tsc arch_perfmon pebs bts rep_good nopl xtopology nonstop_tsc aperfmperf eagerfpu pni pclmulqdq dtes64 monitor ds_cpl vmx est tm2 ssse3 cx16 xtpr pdcm pcid sse4_1 sse4_2 x2apic popcnt tsc_deadline_timer aes xsave avx f16c rdrand lahf_lm ida arat epb xsaveopt pln pts dtherm tpr_shadow vnmi flexpriority ept vpid fsgsbase smep erms
bogomips	: 4789.28
clflush size	: 64
cache_alignment	: 64
address sizes	: 36 bits physical, 48 bits virtual
power management:



Memory: 4k page, physical 8061444k(139108k free), swap 0k(0k free)

vm_info: OpenJDK 64-Bit Server VM (24.79-b02) for linux-amd64 JRE (1.7.0_79-b14), built on Jul 24 2015 08:15:54 by "buildd" with gcc 4.8.2

time: Tue Nov 24 15:41:19 2015
elapsed time: 12 seconds

